Using pre-set license
Built from '2020.3/staging' branch; Version is '2020.3.22f1 (e1a7f79fd887) revision 14788599'; Using compiler version '192528614'; Build Type 'Release'
OS: 'Windows 10 Home Single Language; OS build 19045.3086; Version 2009; 64bit' Language: 'en' Physical Memory: 16234 MB
BatchMode: 1, IsHumanControllingUs: 0, StartBugReporterOnCrash: 0, Is64bit: 1, IsPro: 0

COMMAND LINE ARGUMENTS:
C:\Program Files\Unity\Hub\Editor\2020.3.22f1\Editor\Unity.exe
-adb2
-batchMode
-noUpm
-name
AssetImportWorker0
-projectPath
D:/Unity project/Drive-to-the-future/Drive_to_the_Future
-logFile
Logs/AssetImportWorker0.log
-srvPort
60112
Successfully changed project path to: D:/Unity project/Drive-to-the-future/Drive_to_the_Future
D:/Unity project/Drive-to-the-future/Drive_to_the_Future
Using Asset Import Pipeline V2.
Refreshing native plugins compatible for Editor in 37.44 ms, found 2 plugins.
Preloading 0 native plugins for Editor in 0.00 ms.
Initialize engine version: 2020.3.22f1 (e1a7f79fd887)
[Subsystems] Discovering subsystems at path C:/Program Files/Unity/Hub/Editor/2020.3.22f1/Editor/Data/Resources/UnitySubsystems
[Subsystems] Discovering subsystems at path D:/Unity project/Drive-to-the-future/Drive_to_the_Future/Assets
GfxDevice: creating device client; threaded=0
Direct3D:
    Version:  Direct3D 11.0 [level 11.1]
    Renderer: NVIDIA GeForce GTX 1660 Ti (ID=0x2191)
    Vendor:   
    VRAM:     5979 MB
    Driver:   31.0.15.3168
Initialize mono
Mono path[0] = 'C:/Program Files/Unity/Hub/Editor/2020.3.22f1/Editor/Data/Managed'
Mono path[1] = 'C:/Program Files/Unity/Hub/Editor/2020.3.22f1/Editor/Data/MonoBleedingEdge/lib/mono/unityjit'
Mono config path = 'C:/Program Files/Unity/Hub/Editor/2020.3.22f1/Editor/Data/MonoBleedingEdge/etc'
Using monoOptions --debugger-agent=transport=dt_socket,embedding=1,server=y,suspend=n,address=127.0.0.1:56928
Begin MonoManager ReloadAssembly
Registering precompiled unity dll's ...
Register platform support module: C:/Program Files/Unity/Hub/Editor/2020.3.22f1/Editor/Data/PlaybackEngines/WindowsStandaloneSupport/UnityEditor.WindowsStandalone.Extensions.dll
Registered in 0.002182 seconds.
Native extension for WindowsStandalone target not found
Refreshing native plugins compatible for Editor in 36.96 ms, found 2 plugins.
Preloading 0 native plugins for Editor in 0.00 ms.
Mono: successfully reloaded assembly
- Completed reload, in  1.042 seconds
Domain Reload Profiling:
	ReloadAssembly (1043ms)
		BeginReloadAssembly (53ms)
			ExecutionOrderSort (0ms)
			DisableScriptedObjects (0ms)
			BackupInstance (0ms)
			ReleaseScriptingObjects (0ms)
			CreateAndSetChildDomain (1ms)
		EndReloadAssembly (406ms)
			LoadAssemblies (51ms)
			RebuildTransferFunctionScriptingTraits (0ms)
			SetupTypeCache (139ms)
			ReleaseScriptCaches (0ms)
			RebuildScriptCaches (28ms)
			SetupLoadedEditorAssemblies (149ms)
				LogAssemblyErrors (0ms)
				InitializePlatformSupportModulesInManaged (4ms)
				SetLoadedEditorAssemblies (0ms)
				RefreshPlugins (37ms)
				BeforeProcessingInitializeOnLoad (9ms)
				ProcessInitializeOnLoadAttributes (72ms)
				ProcessInitializeOnLoadMethodAttributes (28ms)
				AfterProcessingInitializeOnLoad (0ms)
				EditorAssembliesLoaded (0ms)
			ExecutionOrderSort2 (0ms)
			AwakeInstancesAfterBackupRestoration (0ms)
Platform modules already initialized, skipping
Registering precompiled user dll's ...
Registered in 0.003119 seconds.
Begin MonoManager ReloadAssembly
Native extension for WindowsStandalone target not found
Refreshing native plugins compatible for Editor in 37.54 ms, found 2 plugins.
Preloading 0 native plugins for Editor in 0.00 ms.
Mono: successfully reloaded assembly
- Completed reload, in  1.010 seconds
Domain Reload Profiling:
	ReloadAssembly (1010ms)
		BeginReloadAssembly (134ms)
			ExecutionOrderSort (0ms)
			DisableScriptedObjects (4ms)
			BackupInstance (0ms)
			ReleaseScriptingObjects (0ms)
			CreateAndSetChildDomain (17ms)
		EndReloadAssembly (817ms)
			LoadAssemblies (82ms)
			RebuildTransferFunctionScriptingTraits (0ms)
			SetupTypeCache (261ms)
			ReleaseScriptCaches (0ms)
			RebuildScriptCaches (43ms)
			SetupLoadedEditorAssemblies (329ms)
				LogAssemblyErrors (0ms)
				InitializePlatformSupportModulesInManaged (4ms)
				SetLoadedEditorAssemblies (0ms)
				RefreshPlugins (38ms)
				BeforeProcessingInitializeOnLoad (55ms)
				ProcessInitializeOnLoadAttributes (218ms)
				ProcessInitializeOnLoadMethodAttributes (8ms)
				AfterProcessingInitializeOnLoad (8ms)
				EditorAssembliesLoaded (0ms)
			ExecutionOrderSort2 (0ms)
			AwakeInstancesAfterBackupRestoration (5ms)
Platform modules already initialized, skipping
========================================================================
Worker process is ready to serve import requests
Launched and connected shader compiler UnityShaderCompiler.exe after 0.05 seconds
Refreshing native plugins compatible for Editor in 0.64 ms, found 2 plugins.
Preloading 0 native plugins for Editor in 0.00 ms.
Unloading 2061 Unused Serialized files (Serialized files now loaded: 0)
System memory in use before: 167.0 MB.
System memory in use after: 167.0 MB.

Unloading 22 unused Assets to reduce memory usage. Loaded Objects now: 2502.
Total: 3.145800 ms (FindLiveObjects: 0.184100 ms CreateObjectMapping: 0.074100 ms MarkObjects: 2.791200 ms  DeleteObjects: 0.094900 ms)

AssetImportParameters requested are different than current active one (requested -> active):
  custom:framework-win-MediaFoundation: 216162199b28c13a410421893ffa2e32 -> 
  custom:video-decoder-ogg-theora: a1e56fd34408186e4bbccfd4996cb3dc -> 
  custom:container-muxer-webm: aa71ff27fc2769a1b78a27578f13a17b -> 
  custom:container-demuxer-webm: 4f35f7cbe854078d1ac9338744f61a02 -> 
  custom:container-demuxer-ogg: 62fdf1f143b41e24485cea50d1cbac27 -> 
  custom:video-encoder-webm-vp8: eb34c28f22e8b96e1ab97ce403110664 -> 
  custom:video-codec-MediaFoundation-h265: 746d11721c4dcdbdad8f713fa42b33f4 -> 
  custom:video-decoder-webm-vp8: 9c59270c3fd7afecdb556c50c9e8de78 -> 
  custom:audio-decoder-ogg-vorbis: bf7c407c2cedff20999df2af8eb42d56 -> 
  custom:audio-encoder-webm-vorbis: bf7c407c2cedff20999df2af8eb42d56 -> 
========================================================================
Received Import Request.
  path: Assets/NPC
  artifactKey: Guid(0f984aeb39dcd5f439d3c15227d9ec10) Importer(815301076,1909f56bfc062723c751e8b465ee728b)
Start importing Assets/NPC using Guid(0f984aeb39dcd5f439d3c15227d9ec10) Importer(815301076,1909f56bfc062723c751e8b465ee728b)  -> (artifact id: '6fac12cd75506069205377b804376a14') in 0.013769 seconds 
  Import took 0.017630 seconds .

========================================================================
Received Import Request.
  Time since last request: 4.229421 seconds.
  path: Assets/NPC/Cowboy
  artifactKey: Guid(4d07ae7cb819a5d478cbf1e488558d57) Importer(815301076,1909f56bfc062723c751e8b465ee728b)
Start importing Assets/NPC/Cowboy using Guid(4d07ae7cb819a5d478cbf1e488558d57) Importer(815301076,1909f56bfc062723c751e8b465ee728b)  -> (artifact id: '4e652a6dc5eac866e1f33446a45b1336') in 0.012613 seconds 
  Import took 0.017197 seconds .

========================================================================
Received Import Request.
  Time since last request: 20.888621 seconds.
  path: Assets/NPC/Cowboy/grenadier_albedo.png
  artifactKey: Guid(e65314de7f1c11148909e83e9c5f0710) Importer(815301076,1909f56bfc062723c751e8b465ee728b)
Start importing Assets/NPC/Cowboy/grenadier_albedo.png using Guid(e65314de7f1c11148909e83e9c5f0710) Importer(815301076,1909f56bfc062723c751e8b465ee728b)  -> (artifact id: '9abfd5ca269620d4d90efd446d8e12ad') in 0.073539 seconds 
  Import took 0.077034 seconds .

========================================================================
Received Import Request.
  Time since last request: 0.000310 seconds.
  path: Assets/NPC/Cowboy/grenadier_subsurfaceColor.png
  artifactKey: Guid(9684cebb4ac268a478595575bf2c47d5) Importer(815301076,1909f56bfc062723c751e8b465ee728b)
Start importing Assets/NPC/Cowboy/grenadier_subsurfaceColor.png using Guid(9684cebb4ac268a478595575bf2c47d5) Importer(815301076,1909f56bfc062723c751e8b465ee728b)  -> (artifact id: 'c6bb06cb056416c3b4624de3ab13446b') in 0.011954 seconds 
  Import took 0.015018 seconds .

========================================================================
Received Import Request.
  Time since last request: 0.000299 seconds.
  path: Assets/NPC/Cowboy/grenadier_AO.png
  artifactKey: Guid(d8c5e03cac9c30c4e993651069172996) Importer(815301076,1909f56bfc062723c751e8b465ee728b)
Start importing Assets/NPC/Cowboy/grenadier_AO.png using Guid(d8c5e03cac9c30c4e993651069172996) Importer(815301076,1909f56bfc062723c751e8b465ee728b)  -> (artifact id: 'eabf1636f973df172751b8ff228bef72') in 0.011494 seconds 
  Import took 0.014194 seconds .

========================================================================
Received Import Request.
  Time since last request: 0.000309 seconds.
  path: Assets/NPC/Cowboy/grenadier_subsurface.png
  artifactKey: Guid(a187e90b8c976a94181fc919f6f61ab7) Importer(815301076,1909f56bfc062723c751e8b465ee728b)
Start importing Assets/NPC/Cowboy/grenadier_subsurface.png using Guid(a187e90b8c976a94181fc919f6f61ab7) Importer(815301076,1909f56bfc062723c751e8b465ee728b)  -> (artifact id: '89679ccbe5d409090855d97b5546f60f') in 0.011329 seconds 
  Import took 0.014342 seconds .

========================================================================
Received Import Request.
  Time since last request: 3.324775 seconds.
  path: Assets/NPC/Cowboy/cowboymk1.fbx
  artifactKey: Guid(21f076f3bf186744fb2cbb0d024d1b64) Importer(815301076,1909f56bfc062723c751e8b465ee728b)
Start importing Assets/NPC/Cowboy/cowboymk1.fbx using Guid(21f076f3bf186744fb2cbb0d024d1b64) Importer(815301076,1909f56bfc062723c751e8b465ee728b)  -> (artifact id: 'f908e8f40057f0f44a45d2ec64ff6b8e') in 0.111723 seconds 
  Import took 0.114876 seconds .

========================================================================
Received Import Request.
  Time since last request: 6.370641 seconds.
  path: Assets/NPC/Cowboy/Cowboy Hat.fbx
  artifactKey: Guid(7c6c65a05aa1b494cb48df63c6859661) Importer(815301076,1909f56bfc062723c751e8b465ee728b)
Start importing Assets/NPC/Cowboy/Cowboy Hat.fbx using Guid(7c6c65a05aa1b494cb48df63c6859661) Importer(815301076,1909f56bfc062723c751e8b465ee728b)  -> (artifact id: '4ffc55ed47b76de356ce2c21e3d7377e') in 0.032331 seconds 
  Import took 0.035447 seconds .

========================================================================
Received Import Request.
  Time since last request: 67.583789 seconds.
  path: Assets/NPC/Cowboy/hat.mat
  artifactKey: Guid(ee04bcd5c1e3931428eccfe1bbd7de00) Importer(815301076,1909f56bfc062723c751e8b465ee728b)
Start importing Assets/NPC/Cowboy/hat.mat using Guid(ee04bcd5c1e3931428eccfe1bbd7de00) Importer(815301076,1909f56bfc062723c751e8b465ee728b)  -> (artifact id: '4d24cadf909c568a814d14e6839a1afb') in 0.038493 seconds 
  Import took 0.042273 seconds .

========================================================================
Received Import Request.
  Time since last request: 483.098635 seconds.
  path: Assets/NPC/Cowboy/hat.mat
  artifactKey: Guid(ee04bcd5c1e3931428eccfe1bbd7de00) Importer(815301076,1909f56bfc062723c751e8b465ee728b)
Start importing Assets/NPC/Cowboy/hat.mat using Guid(ee04bcd5c1e3931428eccfe1bbd7de00) Importer(815301076,1909f56bfc062723c751e8b465ee728b)  -> (artifact id: '00b11449aa412361b74cd5f19b498e04') in 0.035136 seconds 
  Import took 0.039063 seconds .

========================================================================
Received Import Request.
  Time since last request: 22.517756 seconds.
  path: Assets/NPC/Cowboy/cowboymk1.prefab
  artifactKey: Guid(5794dd3fec630ab41a83b0741bda82c4) Importer(815301076,1909f56bfc062723c751e8b465ee728b)
Start importing Assets/NPC/Cowboy/cowboymk1.prefab using Guid(5794dd3fec630ab41a83b0741bda82c4) Importer(815301076,1909f56bfc062723c751e8b465ee728b)  -> (artifact id: '85ad1a095eaf7ba137d5adf065cfa749') in 0.027534 seconds 
  Import took 0.032682 seconds .

========================================================================
Received Import Request.
  Time since last request: 1124.989115 seconds.
  path: Assets/NPC/Cowboy/cowboymk2.fbx
  artifactKey: Guid(d0fed5f0ff59f7a4fbe93f889ddae429) Importer(815301076,1909f56bfc062723c751e8b465ee728b)
Start importing Assets/NPC/Cowboy/cowboymk2.fbx using Guid(d0fed5f0ff59f7a4fbe93f889ddae429) Importer(815301076,1909f56bfc062723c751e8b465ee728b)  -> (artifact id: 'd5b669e93ae25f5d992973ddb4a5e0d4') in 0.089858 seconds 
  Import took 0.095844 seconds .

========================================================================
Received Import Request.
  Time since last request: 15.480270 seconds.
  path: Assets/NPC/Cowboy/grenadier.mat
  artifactKey: Guid(6afd49ba6e71a7b4da7ca2c50149a674) Importer(815301076,1909f56bfc062723c751e8b465ee728b)
Start importing Assets/NPC/Cowboy/grenadier.mat using Guid(6afd49ba6e71a7b4da7ca2c50149a674) Importer(815301076,1909f56bfc062723c751e8b465ee728b)  -> (artifact id: '4506b8401354e4d8b2ddfd32e2b0f7d5') in 0.026170 seconds 
  Import took 0.029966 seconds .

========================================================================
Received Import Request.
  Time since last request: 514.555283 seconds.
  path: Assets/NPC/Cowboy/cowboymk2.prefab
  artifactKey: Guid(15ddfb7a31aefdc4aa9772613cff2ae3) Importer(815301076,1909f56bfc062723c751e8b465ee728b)
Start importing Assets/NPC/Cowboy/cowboymk2.prefab using Guid(15ddfb7a31aefdc4aa9772613cff2ae3) Importer(815301076,1909f56bfc062723c751e8b465ee728b)  -> (artifact id: '6b4e1ff8422af16aaf989f72caae5fbb') in 0.037401 seconds 
  Import took 0.041599 seconds .

AssetImportWorkerClient::OnTransportError - code=2 error=End of file
